#
# There is insufficient memory for the Java Runtime Environment to continue.
# Native memory allocation (malloc) failed to allocate 1655120 bytes. Error detail: Chunk::new
# Possible reasons:
#   The system is out of physical RAM or swap space
#   This process is running with CompressedOops enabled, and the Java Heap may be blocking the growth of the native heap
# Possible solutions:
#   Reduce memory load on the system
#   Increase physical memory or swap space
#   Check if swap backing store is full
#   Decrease Java heap size (-Xmx/-Xms)
#   Decrease number of Java threads
#   Decrease Java thread stack sizes (-Xss)
#   Set larger code cache with -XX:ReservedCodeCacheSize=
#   JVM is running with Zero Based Compressed Oops mode in which the Java heap is
#     placed in the first 32GB address space. The Java Heap base address is the
#     maximum limit for the native heap growth. Please use -XX:HeapBaseMinAddress
#     to set the Java Heap base and to place the Java Heap above 32GB virtual address.
# This output file may be truncated or incomplete.
#
#  Out of Memory Error (arena.cpp:149), pid=12620, tid=7728
#
# JRE version: Java(TM) SE Runtime Environment (23.0.1+11) (build 23.0.1+11-39)
# Java VM: Java HotSpot(TM) 64-Bit Server VM (23.0.1+11-39, mixed mode, sharing, tiered, compressed oops, compressed class ptrs, g1 gc, windows-amd64)
# No core dump will be written. Minidumps are not enabled by default on client versions of Windows
#

---------------  S U M M A R Y ------------

Command Line: --enable-preview -javaagent:C:\Program Files\JetBrains\IntelliJ IDEA Community Edition 2024.3\lib\idea_rt.jar=51291:C:\Program Files\JetBrains\IntelliJ IDEA Community Edition 2024.3\bin -Dfile.encoding=UTF-8 -Dsun.stdout.encoding=UTF-8 -Dsun.stderr.encoding=UTF-8 com.ayush.tradebolt.TradeboltApplication

Host: AMD Ryzen 7 5700U with Radeon Graphics         , 16 cores, 15G,  Windows 11 , 64 bit Build 26100 (10.0.26100.3037)
Time: Tue Feb 25 14:04:01 2025 India Standard Time elapsed time: 379.021587 seconds (0d 0h 6m 19s)

---------------  T H R E A D  ---------------

Current thread (0x000001ceffd672c0):  JavaThread "C2 CompilerThread0" daemon [_thread_in_native, id=7728, stack(0x000000a869300000,0x000000a869400000) (1024K)]


Current CompileTask:
C2:379021 13065   !   4       org.springframework.web.filter.RequestContextFilter::doFilterInternal (107 bytes)

Stack: [0x000000a869300000,0x000000a869400000]
Native frames: (J=compiled Java code, j=interpreted, Vv=VM code, C=native code)
V  [jvm.dll+0x6e08b9]  (no source info available)
V  [jvm.dll+0x87dc83]  (no source info available)
V  [jvm.dll+0x88010e]  (no source info available)
V  [jvm.dll+0x8807e3]  (no source info available)
V  [jvm.dll+0x27aee6]  (no source info available)
V  [jvm.dll+0xbc06f]  (no source info available)
V  [jvm.dll+0xbc2cb]  (no source info available)
V  [jvm.dll+0x3b3a9c]  (no source info available)
V  [jvm.dll+0x38a42b]  (no source info available)
V  [jvm.dll+0x38989a]  (no source info available)
V  [jvm.dll+0x244aa1]  (no source info available)
V  [jvm.dll+0x243dff]  (no source info available)
V  [jvm.dll+0x1c33a0]  (no source info available)
V  [jvm.dll+0x253cf1]  (no source info available)
V  [jvm.dll+0x251faa]  (no source info available)
V  [jvm.dll+0x3ee036]  (no source info available)
V  [jvm.dll+0x824f8b]  (no source info available)
V  [jvm.dll+0x6df065]  (no source info available)
C  [ucrtbase.dll+0x37b0]  (no source info available)
C  [KERNEL32.DLL+0x2e8d7]  (no source info available)
C  [ntdll.dll+0xbbf2c]  (no source info available)

Lock stack of current Java thread (top to bottom):


---------------  P R O C E S S  ---------------

Threads class SMR info:
_java_thread_list=0x000001cece637f80, length=32, elements={
0x000001ceffd5e950, 0x000001ceffd5f3b0, 0x000001ceffd63710, 0x000001ceffd64650,
0x000001ceffd66860, 0x000001ceffd69440, 0x000001ceffd672c0, 0x000001ceffd70760,
0x000001cec50df410, 0x000001cec5398100, 0x000001cec5398770, 0x000001cec8236270,
0x000001cec8233b10, 0x000001cec8234830, 0x000001cec8234ec0, 0x000001cec8233480,
0x000001cec98d1810, 0x000001cec98d1180, 0x000001cec98d0af0, 0x000001cec98d1ea0,
0x000001cec98d2530, 0x000001cec98cf0b0, 0x000001cec98d3250, 0x000001cec98d38e0,
0x000001cec98d2bc0, 0x000001cec98d4600, 0x000001cec98d3f70, 0x000001cec98d4c90,
0x000001cec8235550, 0x000001cecb3131f0, 0x000001cecb314c30, 0x000001cecc9482f0
}

Java Threads: ( => current thread )
  0x000001ceffd5e950 JavaThread "Reference Handler"          daemon [_thread_blocked, id=16260, stack(0x000000a868d00000,0x000000a868e00000) (1024K)]
  0x000001ceffd5f3b0 JavaThread "Finalizer"                  daemon [_thread_blocked, id=2316, stack(0x000000a868e00000,0x000000a868f00000) (1024K)]
  0x000001ceffd63710 JavaThread "Signal Dispatcher"          daemon [_thread_blocked, id=27136, stack(0x000000a868f00000,0x000000a869000000) (1024K)]
  0x000001ceffd64650 JavaThread "Attach Listener"            daemon [_thread_blocked, id=20692, stack(0x000000a869000000,0x000000a869100000) (1024K)]
  0x000001ceffd66860 JavaThread "Service Thread"             daemon [_thread_blocked, id=18248, stack(0x000000a869100000,0x000000a869200000) (1024K)]
  0x000001ceffd69440 JavaThread "Monitor Deflation Thread"   daemon [_thread_blocked, id=2304, stack(0x000000a869200000,0x000000a869300000) (1024K)]
=>0x000001ceffd672c0 JavaThread "C2 CompilerThread0"         daemon [_thread_in_native, id=7728, stack(0x000000a869300000,0x000000a869400000) (1024K)]
  0x000001ceffd70760 JavaThread "C1 CompilerThread0"         daemon [_thread_blocked, id=9956, stack(0x000000a869400000,0x000000a869500000) (1024K)]
  0x000001cec50df410 JavaThread "Common-Cleaner"             daemon [_thread_blocked, id=19304, stack(0x000000a869600000,0x000000a869700000) (1024K)]
  0x000001cec5398100 JavaThread "Monitor Ctrl-Break"         daemon [_thread_in_native, id=27488, stack(0x000000a869800000,0x000000a869900000) (1024K)]
  0x000001cec5398770 JavaThread "Notification Thread"        daemon [_thread_blocked, id=25344, stack(0x000000a869900000,0x000000a869a00000) (1024K)]
  0x000001cec8236270 JavaThread "Catalina-utility-1"                [_thread_blocked, id=8720, stack(0x000000a86ae00000,0x000000a86af00000) (1024K)]
  0x000001cec8233b10 JavaThread "Catalina-utility-2"                [_thread_blocked, id=7012, stack(0x000000a86af00000,0x000000a86b000000) (1024K)]
  0x000001cec8234830 JavaThread "container-0"                       [_thread_blocked, id=18340, stack(0x000000a86b000000,0x000000a86b100000) (1024K)]
  0x000001cec8234ec0 JavaThread "mysql-cj-abandoned-connection-cleanup" daemon [_thread_blocked, id=1936, stack(0x000000a86b100000,0x000000a86b200000) (1024K)]
  0x000001cec8233480 JavaThread "HikariPool-1 housekeeper"   daemon [_thread_blocked, id=18944, stack(0x000000a86b200000,0x000000a86b300000) (1024K)]
  0x000001cec98d1810 JavaThread "File Watcher"               daemon [_thread_blocked, id=10788, stack(0x000000a86b900000,0x000000a86ba00000) (1024K)]
  0x000001cec98d1180 JavaThread "Live Reload Server"         daemon [_thread_in_native, id=9608, stack(0x000000a86ba00000,0x000000a86bb00000) (1024K)]
  0x000001cec98d0af0 JavaThread "http-nio-5454-exec-1"       daemon [_thread_blocked, id=23840, stack(0x000000a86bb00000,0x000000a86bc00000) (1024K)]
  0x000001cec98d1ea0 JavaThread "http-nio-5454-exec-2"       daemon [_thread_blocked, id=23696, stack(0x000000a86bc00000,0x000000a86bd00000) (1024K)]
  0x000001cec98d2530 JavaThread "http-nio-5454-exec-3"       daemon [_thread_blocked, id=10384, stack(0x000000a86bd00000,0x000000a86be00000) (1024K)]
  0x000001cec98cf0b0 JavaThread "http-nio-5454-exec-4"       daemon [_thread_blocked, id=10752, stack(0x000000a86be00000,0x000000a86bf00000) (1024K)]
  0x000001cec98d3250 JavaThread "http-nio-5454-exec-5"       daemon [_thread_blocked, id=7216, stack(0x000000a86bf00000,0x000000a86c000000) (1024K)]
  0x000001cec98d38e0 JavaThread "http-nio-5454-exec-6"       daemon [_thread_blocked, id=12072, stack(0x000000a86c000000,0x000000a86c100000) (1024K)]
  0x000001cec98d2bc0 JavaThread "http-nio-5454-exec-7"       daemon [_thread_blocked, id=6828, stack(0x000000a86c100000,0x000000a86c200000) (1024K)]
  0x000001cec98d4600 JavaThread "http-nio-5454-exec-8"       daemon [_thread_blocked, id=27636, stack(0x000000a86c200000,0x000000a86c300000) (1024K)]
  0x000001cec98d3f70 JavaThread "http-nio-5454-exec-9"       daemon [_thread_blocked, id=3196, stack(0x000000a86c300000,0x000000a86c400000) (1024K)]
  0x000001cec98d4c90 JavaThread "http-nio-5454-exec-10"      daemon [_thread_blocked, id=19248, stack(0x000000a86c400000,0x000000a86c500000) (1024K)]
  0x000001cec8235550 JavaThread "http-nio-5454-Poller"       daemon [_thread_in_native, id=15328, stack(0x000000a86c500000,0x000000a86c600000) (1024K)]
  0x000001cecb3131f0 JavaThread "http-nio-5454-Acceptor"     daemon [_thread_in_native, id=16420, stack(0x000000a86c600000,0x000000a86c700000) (1024K)]
  0x000001cecb314c30 JavaThread "DestroyJavaVM"                     [_thread_blocked, id=2424, stack(0x000000a868500000,0x000000a868600000) (1024K)]
  0x000001cecc9482f0 JavaThread "C2 CompilerThread1"         daemon [_thread_blocked, id=19748, stack(0x000000a868400000,0x000000a868500000) (1024K)]
Total: 32

Other Threads:
  0x000001ceffd45a70 VMThread "VM Thread"                           [id=13212, stack(0x000000a868c00000,0x000000a868d00000) (1024K)]
  0x000001ceffd2e8b0 WatcherThread "VM Periodic Task Thread"        [id=8648, stack(0x000000a868b00000,0x000000a868c00000) (1024K)]
  0x000001cedf79fd70 WorkerThread "GC Thread#0"                     [id=24356, stack(0x000000a868600000,0x000000a868700000) (1024K)]
  0x000001cec5e8a1f0 WorkerThread "GC Thread#1"                     [id=16120, stack(0x000000a869d00000,0x000000a869e00000) (1024K)]
  0x000001cec5e8a5a0 WorkerThread "GC Thread#2"                     [id=18068, stack(0x000000a869e00000,0x000000a869f00000) (1024K)]
  0x000001cec5e8a950 WorkerThread "GC Thread#3"                     [id=4000, stack(0x000000a869f00000,0x000000a86a000000) (1024K)]
  0x000001cec5e8b110 WorkerThread "GC Thread#4"                     [id=26196, stack(0x000000a86a000000,0x000000a86a100000) (1024K)]
  0x000001cec5e9d9c0 WorkerThread "GC Thread#5"                     [id=24168, stack(0x000000a86a100000,0x000000a86a200000) (1024K)]
  0x000001cec5cfa990 WorkerThread "GC Thread#6"                     [id=15552, stack(0x000000a86a400000,0x000000a86a500000) (1024K)]
  0x000001cec5cf9e80 WorkerThread "GC Thread#7"                     [id=21956, stack(0x000000a86a500000,0x000000a86a600000) (1024K)]
  0x000001cec71a4fb0 WorkerThread "GC Thread#8"                     [id=6108, stack(0x000000a86a300000,0x000000a86a400000) (1024K)]
  0x000001cec71a2370 WorkerThread "GC Thread#9"                     [id=11732, stack(0x000000a86a800000,0x000000a86a900000) (1024K)]
  0x000001cec71a5360 WorkerThread "GC Thread#10"                    [id=17932, stack(0x000000a86a900000,0x000000a86aa00000) (1024K)]
  0x000001cec71a35e0 WorkerThread "GC Thread#11"                    [id=24052, stack(0x000000a86aa00000,0x000000a86ab00000) (1024K)]
  0x000001cec71a2720 WorkerThread "GC Thread#12"                    [id=10556, stack(0x000000a86ab00000,0x000000a86ac00000) (1024K)]
  0x000001cedf7b4050 ConcurrentGCThread "G1 Main Marker"            [id=24716, stack(0x000000a868700000,0x000000a868800000) (1024K)]
  0x000001ceddc1e120 WorkerThread "G1 Conc#0"                       [id=2804, stack(0x000000a868800000,0x000000a868900000) (1024K)]
  0x000001cec71a44a0 WorkerThread "G1 Conc#1"                       [id=3336, stack(0x000000a86ac00000,0x000000a86ad00000) (1024K)]
  0x000001cec71a4850 WorkerThread "G1 Conc#2"                       [id=11384, stack(0x000000a86ad00000,0x000000a86ae00000) (1024K)]
  0x000001ceffbf5f80 ConcurrentGCThread "G1 Refine#0"               [id=8668, stack(0x000000a868900000,0x000000a868a00000) (1024K)]
  0x000001ceffbf6a00 ConcurrentGCThread "G1 Service"                [id=14548, stack(0x000000a868a00000,0x000000a868b00000) (1024K)]
Total: 21

Threads with active compile tasks:
C2 CompilerThread0  379142 13065   !   4       org.springframework.web.filter.RequestContextFilter::doFilterInternal (107 bytes)
Total: 1

VM state: not at safepoint (normal execution)

VM Mutex/Monitor currently owned by a thread: None

Heap address: 0x000000070ac00000, size: 3924 MB, Compressed Oops mode: Zero based, Oop shift amount: 3

CDS archive(s) mapped at: [0x000001ce80000000-0x000001ce80d70000-0x000001ce80d70000), size 14090240, SharedBaseAddress: 0x000001ce80000000, ArchiveRelocationMode: 1.
Compressed class space mapped at: 0x000001ce81000000-0x000001cec1000000, reserved size: 1073741824
Narrow klass base: 0x000001ce80000000, Narrow klass shift: 0, Narrow klass range: 0x41000000

GC Precious Log:
 CardTable entry size: 512
 Card Set container configuration: InlinePtr #cards 4 size 8 Array Of Cards #cards 16 size 48 Howl #buckets 8 coarsen threshold 3686 Howl Bitmap #cards 512 size 80 coarsen threshold 460 Card regions per heap region 1 cards per card region 4096
 CPUs: 16 total, 16 available
 Memory: 15693M
 Large Page Support: Disabled
 NUMA Support: Disabled
 Compressed Oops: Enabled (Zero based)
 Heap Region Size: 2M
 Heap Min Capacity: 8M
 Heap Initial Capacity: 246M
 Heap Max Capacity: 3924M
 Pre-touch: Disabled
 Parallel Workers: 13
 Concurrent Workers: 3
 Concurrent Refinement Workers: 13
 Periodic GC: Disabled

Heap:
 garbage-first heap   total reserved 4018176K, committed 65536K, used 53279K [0x000000070ac00000, 0x0000000800000000)
  region size 2048K, 11 young (22528K), 1 survivors (2048K)
 Metaspace       used 82781K, committed 83520K, reserved 1179648K
  class space    used 11086K, committed 11392K, reserved 1048576K

Heap Regions: E=young(eden), S=young(survivor), O=old, HS=humongous(starts), HC=humongous(continues), CS=collection set, F=free, TAMS=top-at-mark-start, PB=parsable bottom
|   0|0x000000070ac00000, 0x000000070ae00000, 0x000000070ae00000|100%| O|  |TAMS 0x000000070ac00000| PB 0x000000070ac00000| Untracked |  0
|   1|0x000000070ae00000, 0x000000070b000000, 0x000000070b000000|100%| O|  |TAMS 0x000000070ae00000| PB 0x000000070ae00000| Untracked |  0
|   2|0x000000070b000000, 0x000000070b200000, 0x000000070b200000|100%| O|  |TAMS 0x000000070b000000| PB 0x000000070b000000| Untracked |  0
|   3|0x000000070b200000, 0x000000070b400000, 0x000000070b400000|100%| O|  |TAMS 0x000000070b200000| PB 0x000000070b200000| Untracked |  0
|   4|0x000000070b400000, 0x000000070b600000, 0x000000070b600000|100%| O|  |TAMS 0x000000070b400000| PB 0x000000070b400000| Untracked |  0
|   5|0x000000070b600000, 0x000000070b600000, 0x000000070b800000|  0%| F|  |TAMS 0x000000070b600000| PB 0x000000070b600000| Untracked |  0
|   6|0x000000070b800000, 0x000000070ba00000, 0x000000070ba00000|100%| O|  |TAMS 0x000000070b800000| PB 0x000000070b800000| Untracked |  0
|   7|0x000000070ba00000, 0x000000070bc00000, 0x000000070bc00000|100%| O|  |TAMS 0x000000070ba00000| PB 0x000000070ba00000| Untracked |  0
|   8|0x000000070bc00000, 0x000000070be00000, 0x000000070be00000|100%| O|  |TAMS 0x000000070bc00000| PB 0x000000070bc00000| Untracked |  0
|   9|0x000000070be00000, 0x000000070c000000, 0x000000070c000000|100%| O|  |TAMS 0x000000070be00000| PB 0x000000070be00000| Untracked |  0
|  10|0x000000070c000000, 0x000000070c200000, 0x000000070c200000|100%| O|  |TAMS 0x000000070c000000| PB 0x000000070c000000| Untracked |  0
|  11|0x000000070c200000, 0x000000070c3fe650, 0x000000070c400000| 99%| O|  |TAMS 0x000000070c200000| PB 0x000000070c200000| Untracked |  0
|  12|0x000000070c400000, 0x000000070c600000, 0x000000070c600000|100%| O|  |TAMS 0x000000070c400000| PB 0x000000070c400000| Untracked |  0
|  13|0x000000070c600000, 0x000000070c800000, 0x000000070c800000|100%| O|  |TAMS 0x000000070c600000| PB 0x000000070c600000| Untracked |  0
|  14|0x000000070c800000, 0x000000070ca00000, 0x000000070ca00000|100%| O|  |TAMS 0x000000070c800000| PB 0x000000070c800000| Untracked |  0
|  15|0x000000070ca00000, 0x000000070cc00000, 0x000000070cc00000|100%| O|  |TAMS 0x000000070ca00000| PB 0x000000070ca00000| Untracked |  0
|  16|0x000000070cc00000, 0x000000070ce00000, 0x000000070ce00000|100%| O|  |TAMS 0x000000070cc00000| PB 0x000000070cc00000| Untracked |  0
|  17|0x000000070ce00000, 0x000000070d000000, 0x000000070d000000|100%| O|  |TAMS 0x000000070ce00000| PB 0x000000070ce00000| Untracked |  0
|  18|0x000000070d000000, 0x000000070d000000, 0x000000070d200000|  0%| F|  |TAMS 0x000000070d000000| PB 0x000000070d000000| Untracked |  0
|  19|0x000000070d200000, 0x000000070d200000, 0x000000070d400000|  0%| F|  |TAMS 0x000000070d200000| PB 0x000000070d200000| Untracked |  0
|  20|0x000000070d400000, 0x000000070d409810, 0x000000070d600000|  1%| S|CS|TAMS 0x000000070d400000| PB 0x000000070d400000| Complete |  0
|  21|0x000000070d600000, 0x000000070d600000, 0x000000070d800000|  0%| F|  |TAMS 0x000000070d600000| PB 0x000000070d600000| Untracked |  0
|  22|0x000000070d800000, 0x000000070d86e348, 0x000000070da00000| 21%| E|  |TAMS 0x000000070d800000| PB 0x000000070d800000| Complete |  0
|  23|0x000000070da00000, 0x000000070dc00000, 0x000000070dc00000|100%| E|CS|TAMS 0x000000070da00000| PB 0x000000070da00000| Complete |  0
|  24|0x000000070dc00000, 0x000000070de00000, 0x000000070de00000|100%| E|CS|TAMS 0x000000070dc00000| PB 0x000000070dc00000| Complete |  0
|  25|0x000000070de00000, 0x000000070e000000, 0x000000070e000000|100%| E|CS|TAMS 0x000000070de00000| PB 0x000000070de00000| Complete |  0
|  94|0x0000000716800000, 0x0000000716a00000, 0x0000000716a00000|100%| E|CS|TAMS 0x0000000716800000| PB 0x0000000716800000| Complete |  0
|  95|0x0000000716a00000, 0x0000000716c00000, 0x0000000716c00000|100%| E|CS|TAMS 0x0000000716a00000| PB 0x0000000716a00000| Complete |  0
|  96|0x0000000716c00000, 0x0000000716e00000, 0x0000000716e00000|100%| E|CS|TAMS 0x0000000716c00000| PB 0x0000000716c00000| Complete |  0
|  97|0x0000000716e00000, 0x0000000717000000, 0x0000000717000000|100%| E|CS|TAMS 0x0000000716e00000| PB 0x0000000716e00000| Complete |  0
| 122|0x000000071a000000, 0x000000071a200000, 0x000000071a200000|100%| E|CS|TAMS 0x000000071a000000| PB 0x000000071a000000| Complete |  0
|1961|0x00000007ffe00000, 0x0000000800000000, 0x0000000800000000|100%| E|CS|TAMS 0x00000007ffe00000| PB 0x00000007ffe00000| Complete |  0

Card table byte_map: [0x000001cef87d0000,0x000001cef8f80000] _byte_map_base: 0x000001cef4f7a000

Marking Bits: (CMBitMap*) 0x000001cedf7a0480
 Bits: [0x000001cef8f80000, 0x000001cefccd0000)

Polling page: 0x000001ceddf20000

Metaspace:

Usage:
  Non-class:     70.01 MB used.
      Class:     10.83 MB used.
       Both:     80.84 MB used.

Virtual space:
  Non-class space:      128.00 MB reserved,      70.44 MB ( 55%) committed,  2 nodes.
      Class space:        1.00 GB reserved,      11.12 MB (  1%) committed,  1 nodes.
             Both:        1.12 GB reserved,      81.56 MB (  7%) committed. 

Chunk freelists:
   Non-Class:  8.95 MB
       Class:  4.76 MB
        Both:  13.71 MB

MaxMetaspaceSize: unlimited
CompressedClassSpaceSize: 1.00 GB
Initial GC threshold: 21.00 MB
Current GC threshold: 135.75 MB
CDS: on
 - commit_granule_bytes: 65536.
 - commit_granule_words: 8192.
 - virtual_space_node_default_size: 8388608.
 - enlarge_chunks_in_place: 1.
 - use_allocation_guard: 0.


Internal statistics:

num_allocs_failed_limit: 9.
num_arena_births: 1056.
num_arena_deaths: 0.
num_vsnodes_births: 3.
num_vsnodes_deaths: 0.
num_space_committed: 1305.
num_space_uncommitted: 0.
num_chunks_returned_to_freelist: 9.
num_chunks_taken_from_freelist: 4031.
num_chunk_merges: 9.
num_chunk_splits: 2824.
num_chunks_enlarged: 2166.
num_inconsistent_stats: 0.

CodeHeap 'non-profiled nmethods': size=119232Kb used=2923Kb max_used=4487Kb free=116308Kb
 bounds [0x000001ceefc00000, 0x000001cef0080000, 0x000001cef7070000]
CodeHeap 'profiled nmethods': size=119104Kb used=3844Kb max_used=15992Kb free=115259Kb
 bounds [0x000001cee8070000, 0x000001cee9030000, 0x000001ceef4c0000]
CodeHeap 'non-nmethods': size=7424Kb used=1781Kb max_used=3538Kb free=5642Kb
 bounds [0x000001ceef4c0000, 0x000001ceef840000, 0x000001ceefc00000]
CodeCache: size=245760Kb, used=8548Kb, max_used=24017Kb, free=237209Kb
 total_blobs=3184, nmethods=2377, adapters=711, full_count=0
Compilation: enabled, stopped_count=0, restarted_count=0

Compilation events (20 events):
Event: 377.756 Thread 0x000001ceffd672c0 nmethod 13056 0x000001ceefd00c08 code [0x000001ceefd00d40, 0x000001ceefd012e0]
Event: 377.756 Thread 0x000001ceffd672c0 13062       4       org.apache.catalina.mapper.Mapper::internalMapExactWrapper (99 bytes)
Event: 377.758 Thread 0x000001ceffd672c0 nmethod 13062 0x000001ceeff62d88 code [0x000001ceeff62ea0, 0x000001ceeff63070]
Event: 377.758 Thread 0x000001ceffd672c0 13063       4       org.apache.catalina.mapper.Mapper::internalMapWildcardWrapper (249 bytes)
Event: 377.760 Thread 0x000001ceffd672c0 nmethod 13063 0x000001ceeff64888 code [0x000001ceeff649a0, 0x000001ceeff64b90]
Event: 377.760 Thread 0x000001ceffd672c0 13064   !   4       org.apache.catalina.core.StandardWrapper::allocate (201 bytes)
Event: 377.778 Thread 0x000001ceffd672c0 nmethod 13064 0x000001ceeff65488 code [0x000001ceeff655a0, 0x000001ceeff657a0]
Event: 377.778 Thread 0x000001ceffd672c0 13065   !   4       org.springframework.web.filter.RequestContextFilter::doFilterInternal (107 bytes)
Event: 377.780 Thread 0x000001cecc9460e0 nmethod 13060 0x000001ceeff3f908 code [0x000001ceeff3fa80, 0x000001ceeff40480]
Event: 377.780 Thread 0x000001cecc9460e0 13066       4       org.springframework.web.filter.RequestContextFilter::initContextHolders (49 bytes)
Event: 377.795 Thread 0x000001cecc9460e0 nmethod 13066 0x000001ceefc82108 code [0x000001ceefc82360, 0x000001ceefc82de8]
Event: 377.796 Thread 0x000001cecc9460e0 13067       4       org.apache.catalina.connector.RequestFacade::getLocale (33 bytes)
Event: 377.798 Thread 0x000001cecc9460e0 nmethod 13067 0x000001ceeffa5788 code [0x000001ceeffa58c0, 0x000001ceeffa5a58]
Event: 377.843 Thread 0x000001cecc9482f0 nmethod 13061 0x000001ceefe14608 code [0x000001ceefe14820, 0x000001ceefe15db0]
Event: 377.850 Thread 0x000001cecc9482f0 13068       4       org.springframework.web.servlet.mvc.condition.AbstractMediaTypeExpression::hashCode (8 bytes)
Event: 377.854 Thread 0x000001cecc9482f0 nmethod 13068 0x000001ceefd28088 code [0x000001ceefd28220, 0x000001ceefd28908]
Event: 377.883 Thread 0x000001cecc9482f0 13069       4       org.apache.catalina.connector.RequestFacade::isAsyncStarted (12 bytes)
Event: 377.884 Thread 0x000001cecc9482f0 nmethod 13069 0x000001ceefe1af88 code [0x000001ceefe1b080, 0x000001ceefe1b140]
Event: 377.912 Thread 0x000001cecc9482f0 13070       4       com.fasterxml.jackson.databind.type.MapLikeType::equals (76 bytes)
Event: 377.913 Thread 0x000001cecc9482f0 nmethod 13070 0x000001ceefe45888 code [0x000001ceefe45980, 0x000001ceefe45a28]

GC Heap History (20 events):
Event: 366.694 GC heap before
{Heap before GC invocations=69 (full 0):
 garbage-first heap   total reserved 4018176K, committed 65536K, used 53245K [0x000000070ac00000, 0x0000000800000000)
  region size 2048K, 11 young (22528K), 1 survivors (2048K)
 Metaspace       used 82776K, committed 83520K, reserved 1179648K
  class space    used 11086K, committed 11392K, reserved 1048576K
}
Event: 366.696 GC heap after
{Heap after GC invocations=70 (full 0):
 garbage-first heap   total reserved 4018176K, committed 65536K, used 34799K [0x000000070ac00000, 0x0000000800000000)
  region size 2048K, 1 young (2048K), 1 survivors (2048K)
 Metaspace       used 82776K, committed 83520K, reserved 1179648K
  class space    used 11086K, committed 11392K, reserved 1048576K
}
Event: 367.759 GC heap before
{Heap before GC invocations=71 (full 0):
 garbage-first heap   total reserved 4018176K, committed 65536K, used 53231K [0x000000070ac00000, 0x0000000800000000)
  region size 2048K, 11 young (22528K), 1 survivors (2048K)
 Metaspace       used 82776K, committed 83520K, reserved 1179648K
  class space    used 11086K, committed 11392K, reserved 1048576K
}
Event: 367.760 GC heap after
{Heap after GC invocations=72 (full 0):
 garbage-first heap   total reserved 4018176K, committed 65536K, used 34831K [0x000000070ac00000, 0x0000000800000000)
  region size 2048K, 1 young (2048K), 1 survivors (2048K)
 Metaspace       used 82776K, committed 83520K, reserved 1179648K
  class space    used 11086K, committed 11392K, reserved 1048576K
}
Event: 368.898 GC heap before
{Heap before GC invocations=72 (full 0):
 garbage-first heap   total reserved 4018176K, committed 65536K, used 53263K [0x000000070ac00000, 0x0000000800000000)
  region size 2048K, 11 young (22528K), 1 survivors (2048K)
 Metaspace       used 82776K, committed 83520K, reserved 1179648K
  class space    used 11086K, committed 11392K, reserved 1048576K
}
Event: 368.900 GC heap after
{Heap after GC invocations=73 (full 0):
 garbage-first heap   total reserved 4018176K, committed 65536K, used 34815K [0x000000070ac00000, 0x0000000800000000)
  region size 2048K, 1 young (2048K), 1 survivors (2048K)
 Metaspace       used 82776K, committed 83520K, reserved 1179648K
  class space    used 11086K, committed 11392K, reserved 1048576K
}
Event: 369.916 GC heap before
{Heap before GC invocations=74 (full 0):
 garbage-first heap   total reserved 4018176K, committed 65536K, used 55295K [0x000000070ac00000, 0x0000000800000000)
  region size 2048K, 11 young (22528K), 1 survivors (2048K)
 Metaspace       used 82776K, committed 83520K, reserved 1179648K
  class space    used 11086K, committed 11392K, reserved 1048576K
}
Event: 369.918 GC heap after
{Heap after GC invocations=75 (full 0):
 garbage-first heap   total reserved 4018176K, committed 65536K, used 34821K [0x000000070ac00000, 0x0000000800000000)
  region size 2048K, 1 young (2048K), 1 survivors (2048K)
 Metaspace       used 82776K, committed 83520K, reserved 1179648K
  class space    used 11086K, committed 11392K, reserved 1048576K
}
Event: 370.914 GC heap before
{Heap before GC invocations=75 (full 0):
 garbage-first heap   total reserved 4018176K, committed 65536K, used 53253K [0x000000070ac00000, 0x0000000800000000)
  region size 2048K, 11 young (22528K), 1 survivors (2048K)
 Metaspace       used 82776K, committed 83520K, reserved 1179648K
  class space    used 11086K, committed 11392K, reserved 1048576K
}
Event: 370.916 GC heap after
{Heap after GC invocations=76 (full 0):
 garbage-first heap   total reserved 4018176K, committed 65536K, used 34825K [0x000000070ac00000, 0x0000000800000000)
  region size 2048K, 1 young (2048K), 1 survivors (2048K)
 Metaspace       used 82776K, committed 83520K, reserved 1179648K
  class space    used 11086K, committed 11392K, reserved 1048576K
}
Event: 371.920 GC heap before
{Heap before GC invocations=77 (full 0):
 garbage-first heap   total reserved 4018176K, committed 65536K, used 53257K [0x000000070ac00000, 0x0000000800000000)
  region size 2048K, 11 young (22528K), 1 survivors (2048K)
 Metaspace       used 82776K, committed 83520K, reserved 1179648K
  class space    used 11086K, committed 11392K, reserved 1048576K
}
Event: 371.922 GC heap after
{Heap after GC invocations=78 (full 0):
 garbage-first heap   total reserved 4018176K, committed 65536K, used 34835K [0x000000070ac00000, 0x0000000800000000)
  region size 2048K, 1 young (2048K), 1 survivors (2048K)
 Metaspace       used 82776K, committed 83520K, reserved 1179648K
  class space    used 11086K, committed 11392K, reserved 1048576K
}
Event: 372.910 GC heap before
{Heap before GC invocations=78 (full 0):
 garbage-first heap   total reserved 4018176K, committed 65536K, used 53267K [0x000000070ac00000, 0x0000000800000000)
  region size 2048K, 11 young (22528K), 1 survivors (2048K)
 Metaspace       used 82776K, committed 83520K, reserved 1179648K
  class space    used 11086K, committed 11392K, reserved 1048576K
}
Event: 372.911 GC heap after
{Heap after GC invocations=79 (full 0):
 garbage-first heap   total reserved 4018176K, committed 65536K, used 34851K [0x000000070ac00000, 0x0000000800000000)
  region size 2048K, 1 young (2048K), 1 survivors (2048K)
 Metaspace       used 82776K, committed 83520K, reserved 1179648K
  class space    used 11086K, committed 11392K, reserved 1048576K
}
Event: 373.929 GC heap before
{Heap before GC invocations=80 (full 0):
 garbage-first heap   total reserved 4018176K, committed 65536K, used 53283K [0x000000070ac00000, 0x0000000800000000)
  region size 2048K, 11 young (22528K), 1 survivors (2048K)
 Metaspace       used 82776K, committed 83520K, reserved 1179648K
  class space    used 11086K, committed 11392K, reserved 1048576K
}
Event: 373.930 GC heap after
{Heap after GC invocations=81 (full 0):
 garbage-first heap   total reserved 4018176K, committed 65536K, used 34837K [0x000000070ac00000, 0x0000000800000000)
  region size 2048K, 1 young (2048K), 1 survivors (2048K)
 Metaspace       used 82776K, committed 83520K, reserved 1179648K
  class space    used 11086K, committed 11392K, reserved 1048576K
}
Event: 374.915 GC heap before
{Heap before GC invocations=81 (full 0):
 garbage-first heap   total reserved 4018176K, committed 65536K, used 53269K [0x000000070ac00000, 0x0000000800000000)
  region size 2048K, 11 young (22528K), 1 survivors (2048K)
 Metaspace       used 82781K, committed 83520K, reserved 1179648K
  class space    used 11086K, committed 11392K, reserved 1048576K
}
Event: 374.917 GC heap after
{Heap after GC invocations=82 (full 0):
 garbage-first heap   total reserved 4018176K, committed 65536K, used 34844K [0x000000070ac00000, 0x0000000800000000)
  region size 2048K, 1 young (2048K), 1 survivors (2048K)
 Metaspace       used 82781K, committed 83520K, reserved 1179648K
  class space    used 11086K, committed 11392K, reserved 1048576K
}
Event: 375.959 GC heap before
{Heap before GC invocations=83 (full 0):
 garbage-first heap   total reserved 4018176K, committed 65536K, used 53276K [0x000000070ac00000, 0x0000000800000000)
  region size 2048K, 11 young (22528K), 1 survivors (2048K)
 Metaspace       used 82781K, committed 83520K, reserved 1179648K
  class space    used 11086K, committed 11392K, reserved 1048576K
}
Event: 375.961 GC heap after
{Heap after GC invocations=84 (full 0):
 garbage-first heap   total reserved 4018176K, committed 65536K, used 34847K [0x000000070ac00000, 0x0000000800000000)
  region size 2048K, 1 young (2048K), 1 survivors (2048K)
 Metaspace       used 82781K, committed 83520K, reserved 1179648K
  class space    used 11086K, committed 11392K, reserved 1048576K
}

Dll operation events (14 events):
Event: 0.020 Loaded shared library C:\Program Files\Java\jdk-23\bin\java.dll
Event: 0.058 Loaded shared library C:\Program Files\Java\jdk-23\bin\jsvml.dll
Event: 0.215 Loaded shared library C:\Program Files\Java\jdk-23\bin\zip.dll
Event: 0.221 Loaded shared library C:\Program Files\Java\jdk-23\bin\instrument.dll
Event: 0.229 Loaded shared library C:\Program Files\Java\jdk-23\bin\net.dll
Event: 0.233 Loaded shared library C:\Program Files\Java\jdk-23\bin\nio.dll
Event: 0.237 Loaded shared library C:\Program Files\Java\jdk-23\bin\zip.dll
Event: 0.471 Loaded shared library C:\Program Files\JetBrains\IntelliJ IDEA Community Edition 2024.3\bin\breakgen64.dll
Event: 0.489 Loaded shared library C:\Program Files\Java\jdk-23\bin\extnet.dll
Event: 0.555 Loaded shared library C:\Program Files\Java\jdk-23\bin\jimage.dll
Event: 1.085 Loaded shared library C:\Program Files\Java\jdk-23\bin\management.dll
Event: 1.088 Loaded shared library C:\Program Files\Java\jdk-23\bin\management_ext.dll
Event: 2.600 Loaded shared library C:\Program Files\Java\jdk-23\bin\sunmscapi.dll
Event: 6.301 Loaded shared library C:\Program Files\Java\jdk-23\bin\verify.dll

Deoptimization events (20 events):
Event: 348.315 Thread 0x000001cec98d3250 DEOPT PACKING pc=0x000001ceeffb324c sp=0x000000a86bffd7c0
Event: 348.315 Thread 0x000001cec98d3250 DEOPT UNPACKING pc=0x000001ceef514402 sp=0x000000a86bffd7e8 mode 2
Event: 348.329 Thread 0x000001cec98cf0b0 Uncommon trap: trap_request=0xffffffbe fr.pc=0x000001ceeffb324c relative=0x000000000000460c
Event: 348.329 Thread 0x000001cec98cf0b0 Uncommon trap: reason=profile_predicate action=maybe_recompile pc=0x000001ceeffb324c method=org.springframework.web.servlet.handler.HandlerMappingIntrospector$AttributesPreservingRequest.initAttributes(Ljakarta/servlet/http/HttpServletRequest;)Ljava/util/
Event: 348.329 Thread 0x000001cec98cf0b0 DEOPT PACKING pc=0x000001ceeffb324c sp=0x000000a86befd640
Event: 348.329 Thread 0x000001cec98cf0b0 DEOPT UNPACKING pc=0x000001ceef514402 sp=0x000000a86befd668 mode 2
Event: 348.343 Thread 0x000001cec98d2bc0 Uncommon trap: trap_request=0xffffffbe fr.pc=0x000001ceeffb324c relative=0x000000000000460c
Event: 348.343 Thread 0x000001cec98d2bc0 Uncommon trap: reason=profile_predicate action=maybe_recompile pc=0x000001ceeffb324c method=org.springframework.web.servlet.handler.HandlerMappingIntrospector$AttributesPreservingRequest.initAttributes(Ljakarta/servlet/http/HttpServletRequest;)Ljava/util/
Event: 348.344 Thread 0x000001cec98d2bc0 DEOPT PACKING pc=0x000001ceeffb324c sp=0x000000a86c1fd9e0
Event: 348.344 Thread 0x000001cec98d2bc0 DEOPT UNPACKING pc=0x000001ceef514402 sp=0x000000a86c1fda08 mode 2
Event: 354.816 Thread 0x000001cec98d4c90 DEOPT PACKING pc=0x000001cee885ce32 sp=0x000000a86c4feb30
Event: 354.816 Thread 0x000001cec98d4c90 DEOPT UNPACKING pc=0x000001ceef514b22 sp=0x000000a86c4fdfb8 mode 0
Event: 361.876 Thread 0x000001cec98d4c90 DEOPT PACKING pc=0x000001cee8817bac sp=0x000000a86c4feaf0
Event: 361.876 Thread 0x000001cec98d4c90 DEOPT UNPACKING pc=0x000001ceef514b22 sp=0x000000a86c4fdfb8 mode 0
Event: 363.932 Thread 0x000001cec98d38e0 Uncommon trap: trap_request=0xffffffdc fr.pc=0x000001ceefde03f0 relative=0x0000000000001e30
Event: 363.932 Thread 0x000001cec98d38e0 Uncommon trap: reason=class_check action=make_not_entrant pc=0x000001ceefde03f0 method=java.util.concurrent.CopyOnWriteArrayList.toArray([Ljava/lang/Object;)[Ljava/lang/Object; @ 20 c2
Event: 363.932 Thread 0x000001cec98d38e0 DEOPT PACKING pc=0x000001ceefde03f0 sp=0x000000a86c0fdea0
Event: 363.932 Thread 0x000001cec98d38e0 DEOPT UNPACKING pc=0x000001ceef514402 sp=0x000000a86c0fdd00 mode 2
Event: 371.732 Thread 0x000001cec98d2530 DEOPT PACKING pc=0x000001cee8241fa7 sp=0x000000a86bdfe550
Event: 371.732 Thread 0x000001cec98d2530 DEOPT UNPACKING pc=0x000001ceef514b22 sp=0x000000a86bdfd970 mode 0

Classes loaded (20 events):
Event: 332.760 Loading class java/util/zip/GZIPInputStream
Event: 332.761 Loading class java/util/zip/GZIPInputStream done
Event: 332.796 Loading class jdk/internal/loader/BootLoader$PackageHelper
Event: 332.797 Loading class jdk/internal/loader/BootLoader$PackageHelper done
Event: 332.813 Loading class java/util/stream/ReferencePipeline$4
Event: 332.814 Loading class java/util/stream/ReferencePipeline$4 done
Event: 332.814 Loading class java/util/function/IntBinaryOperator
Event: 332.814 Loading class java/util/function/IntBinaryOperator done
Event: 332.814 Loading class java/util/stream/ReduceOps$7
Event: 332.815 Loading class java/util/stream/ReduceOps$7 done
Event: 332.815 Loading class java/util/stream/ReduceOps$6ReducingSink
Event: 332.816 Loading class java/util/stream/ReduceOps$6ReducingSink done
Event: 332.816 Loading class java/util/stream/ReferencePipeline$4$1
Event: 332.816 Loading class java/util/stream/ReferencePipeline$4$1 done
Event: 332.831 Loading class java/lang/Throwable$WrappedPrintWriter
Event: 332.831 Loading class java/lang/Throwable$PrintStreamOrWriter
Event: 332.831 Loading class java/lang/Throwable$PrintStreamOrWriter done
Event: 332.831 Loading class java/lang/Throwable$WrappedPrintWriter done
Event: 346.201 Loading class sun/util/locale/LocaleExtensions
Event: 346.207 Loading class sun/util/locale/LocaleExtensions done

Classes unloaded (0 events):
No events

Classes redefined (0 events):
No events

Internal exceptions (20 events):
Event: 9.833 Thread 0x000001cec596e420 Exception <a 'java/lang/IncompatibleClassChangeError'{0x0000000716fcdb48}: Found class java.lang.Object, but interface was expected> (0x0000000716fcdb48) 
thrown [s\open\src\hotspot\share\interpreter\linkResolver.cpp, line 863]
Event: 9.911 Thread 0x000001cec596e420 Exception <a 'java/lang/NoSuchMethodError'{0x0000000716d99ff8}: 'java.lang.Object java.lang.invoke.DirectMethodHandle$Holder.invokeStatic(java.lang.Object, int, java.lang.Object)'> (0x0000000716d99ff8) 
thrown [s\open\src\hotspot\share\interpreter\linkResolver.cpp, line 796]
Event: 10.256 Thread 0x000001cec596e420 Exception <a 'java/lang/NoSuchMethodError'{0x000000070d41d608}: 'int java.lang.invoke.DirectMethodHandle$Holder.invokeStaticInit(java.lang.Object, int, java.lang.Object, java.lang.Object, java.lang.Object, java.lang.Object)'> (0x000000070d41d608) 
thrown [s\open\src\hotspot\share\interpreter\linkResolver.cpp, line 796]
Event: 10.534 Thread 0x000001cec596e420 Exception <a 'java/lang/NoSuchMethodError'{0x0000000716a35cb0}: 'java.lang.Object java.lang.invoke.DirectMethodHandle$Holder.newInvokeSpecial(java.lang.Object, java.lang.Object, java.lang.Object, java.lang.Object, java.lang.Object, java.lang.Object, java.lang.Object, java.lang.Object)'> (0x0000000716a35cb0) 
thrown [s\open\src\hotspot\share\interpreter\linkResolver.cpp, line 796]
Event: 11.111 Thread 0x000001cec596e420 Exception <a 'java/lang/IncompatibleClassChangeError'{0x000000070d656c10}: Found class java.lang.Object, but interface was expected> (0x000000070d656c10) 
thrown [s\open\src\hotspot\share\interpreter\linkResolver.cpp, line 863]
Event: 11.340 Thread 0x000001cec596e420 Exception <a 'java/lang/NoSuchMethodError'{0x0000000716ee18d0}: 'void java.lang.invoke.DirectMethodHandle$Holder.invokeVirtual(java.lang.Object, java.lang.Object, long)'> (0x0000000716ee18d0) 
thrown [s\open\src\hotspot\share\interpreter\linkResolver.cpp, line 796]
Event: 11.438 Thread 0x000001cec596e420 Exception <a 'java/lang/NoSuchMethodError'{0x0000000716d1a168}: 'int java.lang.invoke.DirectMethodHandle$Holder.invokeStaticInit(java.lang.Object, java.lang.Object, java.lang.Object, java.lang.Object)'> (0x0000000716d1a168) 
thrown [s\open\src\hotspot\share\interpreter\linkResolver.cpp, line 796]
Event: 11.447 Thread 0x000001cec596e420 Implicit null exception at 0x000001ceefe15713 to 0x000001ceefe15d4c
Event: 11.507 Thread 0x000001cec596e420 Exception <a 'java/lang/IncompatibleClassChangeError'{0x0000000716aabd78}: Found class java.lang.Object, but interface was expected> (0x0000000716aabd78) 
thrown [s\open\src\hotspot\share\interpreter\linkResolver.cpp, line 863]
Event: 11.522 Thread 0x000001cec596e420 Implicit null exception at 0x000001ceefd52ae8 to 0x000001ceefd52d54
Event: 11.769 Thread 0x000001cec596e420 Exception <a 'java/lang/NoSuchMethodError'{0x000000070db3f6a0}: 'java.lang.Object java.lang.invoke.DirectMethodHandle$Holder.newInvokeSpecial(java.lang.Object, java.lang.Object, int, java.lang.Object, java.lang.Object)'> (0x000000070db3f6a0) 
thrown [s\open\src\hotspot\share\interpreter\linkResolver.cpp, line 796]
Event: 42.009 Thread 0x000001cec98d0af0 Exception <a 'java/lang/NoSuchMethodError'{0x000000071a14ec68}: 'java.lang.Object java.lang.invoke.DirectMethodHandle$Holder.invokeSpecial(java.lang.Object, java.lang.Object, java.lang.Object, java.lang.Object, java.lang.Object, long)'> (0x000000071a14ec68) 
thrown [s\open\src\hotspot\share\interpreter\linkResolver.cpp, line 796]
Event: 42.009 Thread 0x000001cec98d0af0 Exception <a 'java/lang/NoSuchMethodError'{0x000000071a1523f8}: 'java.lang.Object java.lang.invoke.Invokers$Holder.linkToTargetMethod(java.lang.Object, java.lang.Object, java.lang.Object, long, java.lang.Object)'> (0x000000071a1523f8) 
thrown [s\open\src\hotspot\share\interpreter\linkResolver.cpp, line 796]
Event: 42.572 Thread 0x000001cec98d1ea0 Exception <a 'java/lang/NoSuchMethodError'{0x000000070ddc5900}: 'void java.lang.invoke.DirectMethodHandle$Holder.invokeSpecialIFC(java.lang.Object, java.lang.Object, int, java.lang.Object, java.lang.Object, java.lang.Object, java.lang.Object)'> (0x000000070ddc5900) 
thrown [s\open\src\hotspot\share\interpreter\linkResolver.cpp, line 796]
Event: 42.725 Thread 0x000001cec98d1ea0 Exception <a 'java/lang/NoSuchMethodError'{0x000000070d883c48}: 'int java.lang.invoke.Invokers$Holder.invokeExact_MT(java.lang.Object, java.lang.Object, java.lang.Object)'> (0x000000070d883c48) 
thrown [s\open\src\hotspot\share\interpreter\linkResolver.cpp, line 796]
Event: 42.726 Thread 0x000001cec98d1ea0 Exception <a 'java/lang/NoSuchMethodError'{0x000000070d88b020}: 'void java.lang.invoke.Invokers$Holder.invokeExact_MT(java.lang.Object, java.lang.Object, int, java.lang.Object)'> (0x000000070d88b020) 
thrown [s\open\src\hotspot\share\interpreter\linkResolver.cpp, line 796]
Event: 42.754 Thread 0x000001cec98d1ea0 Exception <a 'java/lang/NoSuchMethodError'{0x000000070d950ed8}: 'int java.lang.invoke.DirectMethodHandle$Holder.invokeStatic(java.lang.Object, java.lang.Object, int, int)'> (0x000000070d950ed8) 
thrown [s\open\src\hotspot\share\interpreter\linkResolver.cpp, line 796]
Event: 42.824 Thread 0x000001cec98d1ea0 Exception <a 'java/lang/NoSuchMethodError'{0x000000071a032be8}: 'int java.lang.invoke.DirectMethodHandle$Holder.invokeInterface(java.lang.Object, java.lang.Object, java.lang.Object, int, java.lang.Object, java.lang.Object)'> (0x000000071a032be8) 
thrown [s\open\src\hotspot\share\interpreter\linkResolver.cpp, line 796]
Event: 42.825 Thread 0x000001cec98d1ea0 Exception <a 'java/lang/IncompatibleClassChangeError'{0x000000071a036e00}: Found class java.lang.Object, but interface was expected> (0x000000071a036e00) 
thrown [s\open\src\hotspot\share\interpreter\linkResolver.cpp, line 863]
Event: 96.033 Thread 0x000001cec98d4600 Exception <a 'java/lang/IncompatibleClassChangeError'{0x000000071691ca10}: Found class java.lang.Object, but interface was expected> (0x000000071691ca10) 
thrown [s\open\src\hotspot\share\interpreter\linkResolver.cpp, line 863]

VM Operations (20 events):
Event: 370.953 Executing VM operation: G1PauseCleanup
Event: 370.953 Executing VM operation: G1PauseCleanup done
Event: 371.920 Executing VM operation: G1CollectForAllocation (G1 Evacuation Pause)
Event: 371.922 Executing VM operation: G1CollectForAllocation (G1 Evacuation Pause) done
Event: 372.909 Executing VM operation: G1CollectForAllocation (G1 Evacuation Pause)
Event: 372.911 Executing VM operation: G1CollectForAllocation (G1 Evacuation Pause) done
Event: 372.936 Executing VM operation: G1PauseRemark
Event: 372.938 Executing VM operation: G1PauseRemark done
Event: 372.946 Executing VM operation: G1PauseCleanup
Event: 372.946 Executing VM operation: G1PauseCleanup done
Event: 373.929 Executing VM operation: G1CollectForAllocation (G1 Evacuation Pause)
Event: 373.930 Executing VM operation: G1CollectForAllocation (G1 Evacuation Pause) done
Event: 374.915 Executing VM operation: G1CollectForAllocation (G1 Evacuation Pause)
Event: 374.917 Executing VM operation: G1CollectForAllocation (G1 Evacuation Pause) done
Event: 374.942 Executing VM operation: G1PauseRemark
Event: 374.944 Executing VM operation: G1PauseRemark done
Event: 374.953 Executing VM operation: G1PauseCleanup
Event: 374.953 Executing VM operation: G1PauseCleanup done
Event: 375.959 Executing VM operation: G1CollectForAllocation (G1 Evacuation Pause)
Event: 375.961 Executing VM operation: G1CollectForAllocation (G1 Evacuation Pause) done

Memory protections (0 events):
No events

Nmethod flushes (20 events):
Event: 372.938 Thread 0x000001ceffd45a70 flushing  nmethod 0x000001cee8e16c08
Event: 372.938 Thread 0x000001ceffd45a70 flushing  nmethod 0x000001cee8e18988
Event: 372.938 Thread 0x000001ceffd45a70 flushing  nmethod 0x000001cee8e24388
Event: 372.938 Thread 0x000001ceffd45a70 flushing  nmethod 0x000001cee8e24f08
Event: 372.938 Thread 0x000001ceffd45a70 flushing  nmethod 0x000001cee8e25e88
Event: 372.938 Thread 0x000001ceffd45a70 flushing  nmethod 0x000001cee8e31a88
Event: 372.938 Thread 0x000001ceffd45a70 flushing  nmethod 0x000001cee8e37188
Event: 372.938 Thread 0x000001ceffd45a70 flushing  nmethod 0x000001cee8e39188
Event: 372.938 Thread 0x000001ceffd45a70 flushing  nmethod 0x000001cee8e39f88
Event: 372.938 Thread 0x000001ceffd45a70 flushing  nmethod 0x000001cee8ea9388
Event: 372.938 Thread 0x000001ceffd45a70 flushing  nmethod 0x000001cee8eae188
Event: 372.938 Thread 0x000001ceffd45a70 flushing  nmethod 0x000001cee8765888
Event: 374.943 Thread 0x000001ceffd45a70 flushing  nmethod 0x000001cee8fb5308
Event: 374.943 Thread 0x000001ceffd45a70 flushing  nmethod 0x000001cee8178c08
Event: 374.943 Thread 0x000001ceffd45a70 flushing  nmethod 0x000001cee8f36988
Event: 374.943 Thread 0x000001ceffd45a70 flushing  nmethod 0x000001cee8f38b08
Event: 374.943 Thread 0x000001ceffd45a70 flushing  nmethod 0x000001cee8536f08
Event: 374.943 Thread 0x000001ceffd45a70 flushing  nmethod 0x000001cee8537488
Event: 374.943 Thread 0x000001ceffd45a70 flushing  nmethod 0x000001cee8f41008
Event: 374.943 Thread 0x000001ceffd45a70 flushing  nmethod 0x000001cee8241008

Events (20 events):
Event: 342.171 Thread 0x000001ceffd672c0 Thread added: 0x000001cecc9482f0
Event: 342.810 Thread 0x000001cecc9482f0 Thread exited: 0x000001cecc9482f0
Event: 342.833 Thread 0x000001cecc947c20 Thread exited: 0x000001cecc947c20
Event: 342.833 Thread 0x000001cecc945a10 Thread exited: 0x000001cecc945a10
Event: 343.138 Thread 0x000001cecc947550 Thread exited: 0x000001cecc947550
Event: 344.417 Thread 0x000001ceffd672c0 Thread added: 0x000001cecc945a10
Event: 345.501 Thread 0x000001cecc945a10 Thread exited: 0x000001cecc945a10
Event: 346.429 Thread 0x000001ceffd672c0 Thread added: 0x000001cecc946e80
Event: 347.555 Thread 0x000001cecc946e80 Thread exited: 0x000001cecc946e80
Event: 349.246 Thread 0x000001ceffd672c0 Thread added: 0x000001cecc946e80
Event: 350.627 Thread 0x000001cecc946e80 Thread exited: 0x000001cecc946e80
Event: 354.528 Thread 0x000001ceffd672c0 Thread added: 0x000001cecc947c20
Event: 354.528 Thread 0x000001ceffd672c0 Thread added: 0x000001cecc949090
Event: 354.730 Thread 0x000001cecc949090 Thread exited: 0x000001cecc949090
Event: 354.787 Thread 0x000001cecc947c20 Thread exited: 0x000001cecc947c20
Event: 360.387 Thread 0x000001ceffd672c0 Thread added: 0x000001cecc947c20
Event: 362.064 Thread 0x000001cecc947c20 Thread exited: 0x000001cecc947c20
Event: 377.624 Thread 0x000001ceffd672c0 Thread added: 0x000001cecc9482f0
Event: 377.624 Thread 0x000001ceffd672c0 Thread added: 0x000001cecc9460e0
Event: 377.912 Thread 0x000001cecc9460e0 Thread exited: 0x000001cecc9460e0


Dynamic libraries:
0x00007ff651400000 - 0x00007ff651410000 	C:\Program Files\Java\jdk-23\bin\java.exe
0x00007ffbde6c0000 - 0x00007ffbde923000 	C:\WINDOWS\SYSTEM32\ntdll.dll
0x00007ffbde390000 - 0x00007ffbde457000 	C:\WINDOWS\System32\KERNEL32.DLL
0x00007ffbdbe60000 - 0x00007ffbdc227000 	C:\WINDOWS\System32\KERNELBASE.dll
0x00007ffbdc380000 - 0x00007ffbdc4cc000 	C:\WINDOWS\System32\ucrtbase.dll
0x00007ffbb4890000 - 0x00007ffbb48ab000 	C:\Program Files\Java\jdk-23\bin\VCRUNTIME140.dll
0x00007ffbb4870000 - 0x00007ffbb4887000 	C:\Program Files\Java\jdk-23\bin\jli.dll
0x00007ffbdd250000 - 0x00007ffbdd419000 	C:\WINDOWS\System32\USER32.dll
0x00007ffbbed90000 - 0x00007ffbbf020000 	C:\WINDOWS\WinSxS\amd64_microsoft.windows.common-controls_6595b64144ccf1df_6.0.26100.3037_none_3e09262ce333c378\COMCTL32.dll
0x00007ffbdc4d0000 - 0x00007ffbdc4f7000 	C:\WINDOWS\System32\win32u.dll
0x00007ffbde5d0000 - 0x00007ffbde679000 	C:\WINDOWS\System32\msvcrt.dll
0x00007ffbdca50000 - 0x00007ffbdca7a000 	C:\WINDOWS\System32\GDI32.dll
0x00007ffbdba60000 - 0x00007ffbdbb8b000 	C:\WINDOWS\System32\gdi32full.dll
0x00007ffbdc230000 - 0x00007ffbdc2d3000 	C:\WINDOWS\System32\msvcp_win.dll
0x00007ffbdd420000 - 0x00007ffbdd44f000 	C:\WINDOWS\System32\IMM32.DLL
0x00007ffbb4a80000 - 0x00007ffbb4a8c000 	C:\Program Files\Java\jdk-23\bin\vcruntime140_1.dll
0x00007ffb40920000 - 0x00007ffb409ae000 	C:\Program Files\Java\jdk-23\bin\msvcp140.dll
0x00007ffb35820000 - 0x00007ffb3656f000 	C:\Program Files\Java\jdk-23\bin\server\jvm.dll
0x00007ffbdd460000 - 0x00007ffbdd514000 	C:\WINDOWS\System32\ADVAPI32.dll
0x00007ffbdd7f0000 - 0x00007ffbdd896000 	C:\WINDOWS\System32\sechost.dll
0x00007ffbdd9a0000 - 0x00007ffbddab6000 	C:\WINDOWS\System32\RPCRT4.dll
0x00007ffbdc8e0000 - 0x00007ffbdc954000 	C:\WINDOWS\System32\WS2_32.dll
0x00007ffbdb730000 - 0x00007ffbdb77e000 	C:\WINDOWS\SYSTEM32\POWRPROF.dll
0x00007ffbd8450000 - 0x00007ffbd845b000 	C:\WINDOWS\SYSTEM32\VERSION.dll
0x00007ffbd6090000 - 0x00007ffbd60c6000 	C:\WINDOWS\SYSTEM32\WINMM.dll
0x00007ffbdb710000 - 0x00007ffbdb724000 	C:\WINDOWS\SYSTEM32\UMPDC.dll
0x00007ffbda7f0000 - 0x00007ffbda80a000 	C:\WINDOWS\SYSTEM32\kernel.appcore.dll
0x00007ffbb4860000 - 0x00007ffbb486a000 	C:\Program Files\Java\jdk-23\bin\jimage.dll
0x00007ffbd9490000 - 0x00007ffbd96d1000 	C:\WINDOWS\SYSTEM32\DBGHELP.DLL
0x00007ffbddfb0000 - 0x00007ffbde32e000 	C:\WINDOWS\System32\combase.dll
0x00007ffbde460000 - 0x00007ffbde536000 	C:\WINDOWS\System32\OLEAUT32.dll
0x00007ffbc84b0000 - 0x00007ffbc84e9000 	C:\WINDOWS\SYSTEM32\dbgcore.DLL
0x00007ffbdc2e0000 - 0x00007ffbdc379000 	C:\WINDOWS\System32\bcryptPrimitives.dll
0x00007ffbb2960000 - 0x00007ffbb296f000 	C:\Program Files\Java\jdk-23\bin\instrument.dll
0x00007ffba5d40000 - 0x00007ffba5d5e000 	C:\Program Files\Java\jdk-23\bin\java.dll
0x00007ffbdd5d0000 - 0x00007ffbdd765000 	C:\WINDOWS\System32\ole32.dll
0x00007ffbdcb30000 - 0x00007ffbdd234000 	C:\WINDOWS\System32\SHELL32.dll
0x00007ffbd9730000 - 0x00007ffbd9f67000 	C:\WINDOWS\SYSTEM32\windows.storage.dll
0x00007ffbdc960000 - 0x00007ffbdca49000 	C:\WINDOWS\System32\SHCORE.dll
0x00007ffbddf50000 - 0x00007ffbddfad000 	C:\WINDOWS\System32\shlwapi.dll
0x00007ffbdb970000 - 0x00007ffbdb99e000 	C:\WINDOWS\SYSTEM32\profapi.dll
0x00007ffb3ca10000 - 0x00007ffb3cae7000 	C:\Program Files\Java\jdk-23\bin\jsvml.dll
0x00007ffb9c3a0000 - 0x00007ffb9c3b7000 	C:\Program Files\Java\jdk-23\bin\zip.dll
0x00007ffbb4790000 - 0x00007ffbb47a0000 	C:\Program Files\Java\jdk-23\bin\net.dll
0x00007ffbdada0000 - 0x00007ffbdae0a000 	C:\WINDOWS\system32\mswsock.dll
0x00007ffb9c3c0000 - 0x00007ffb9c3d6000 	C:\Program Files\Java\jdk-23\bin\nio.dll
0x00007ffb9c380000 - 0x00007ffb9c39a000 	C:\Program Files\JetBrains\IntelliJ IDEA Community Edition 2024.3\bin\breakgen64.dll
0x00007ffbb0cc0000 - 0x00007ffbb0cc9000 	C:\Program Files\Java\jdk-23\bin\extnet.dll
0x00007ffbaded0000 - 0x00007ffbadeda000 	C:\Program Files\Java\jdk-23\bin\management.dll
0x00007ffbade80000 - 0x00007ffbade8b000 	C:\Program Files\Java\jdk-23\bin\management_ext.dll
0x00007ffbdd770000 - 0x00007ffbdd778000 	C:\WINDOWS\System32\PSAPI.DLL
0x00007ffbb2920000 - 0x00007ffbb292e000 	C:\Program Files\Java\jdk-23\bin\sunmscapi.dll
0x00007ffbdbce0000 - 0x00007ffbdbe56000 	C:\WINDOWS\System32\CRYPT32.dll
0x00007ffbdb1d0000 - 0x00007ffbdb200000 	C:\WINDOWS\SYSTEM32\ncrypt.dll
0x00007ffbdb180000 - 0x00007ffbdb1bf000 	C:\WINDOWS\SYSTEM32\NTASN1.dll
0x00007ffbdb050000 - 0x00007ffbdb06c000 	C:\WINDOWS\SYSTEM32\CRYPTSP.dll
0x00007ffbda810000 - 0x00007ffbda848000 	C:\WINDOWS\system32\rsaenh.dll
0x00007ffbdae40000 - 0x00007ffbdae6b000 	C:\WINDOWS\SYSTEM32\USERENV.dll
0x00007ffbdb210000 - 0x00007ffbdb236000 	C:\WINDOWS\SYSTEM32\bcrypt.dll
0x00007ffbdb040000 - 0x00007ffbdb04c000 	C:\WINDOWS\SYSTEM32\CRYPTBASE.dll
0x00007ffbda280000 - 0x00007ffbda2b2000 	C:\WINDOWS\SYSTEM32\IPHLPAPI.DLL
0x00007ffbdd240000 - 0x00007ffbdd24a000 	C:\WINDOWS\System32\NSI.dll
0x00007ffbad880000 - 0x00007ffbad890000 	C:\Program Files\Java\jdk-23\bin\verify.dll
0x00007ffbda2c0000 - 0x00007ffbda3e5000 	C:\WINDOWS\SYSTEM32\DNSAPI.dll
0x00007ffbcf590000 - 0x00007ffbcf59b000 	C:\Windows\System32\rasadhlp.dll
0x00007ffbd0080000 - 0x00007ffbd0105000 	C:\WINDOWS\System32\fwpuclnt.dll
0x00007ffbbbf00000 - 0x00007ffbbbf08000 	C:\WINDOWS\system32\wshunix.dll

dbghelp: loaded successfully - version: 4.0.5 - missing functions: none
symbol engine: initialized successfully - sym options: 0x614 - pdb path: .;C:\Program Files\Java\jdk-23\bin;C:\WINDOWS\SYSTEM32;C:\WINDOWS\WinSxS\amd64_microsoft.windows.common-controls_6595b64144ccf1df_6.0.26100.3037_none_3e09262ce333c378;C:\Program Files\Java\jdk-23\bin\server;C:\Program Files\JetBrains\IntelliJ IDEA Community Edition 2024.3\bin

VM Arguments:
jvm_args: --enable-preview -javaagent:C:\Program Files\JetBrains\IntelliJ IDEA Community Edition 2024.3\lib\idea_rt.jar=51291:C:\Program Files\JetBrains\IntelliJ IDEA Community Edition 2024.3\bin -Dfile.encoding=UTF-8 -Dsun.stdout.encoding=UTF-8 -Dsun.stderr.encoding=UTF-8 
java_command: com.ayush.tradebolt.TradeboltApplication
java_class_path (initial): E:\tradebolt\backend\target\classes;C:\Users\sonia\.m2\repository\org\springframework\boot\spring-boot-starter-data-jpa\3.4.1\spring-boot-starter-data-jpa-3.4.1.jar;C:\Users\sonia\.m2\repository\org\springframework\boot\spring-boot-starter\3.4.1\spring-boot-starter-3.4.1.jar;C:\Users\sonia\.m2\repository\org\springframework\boot\spring-boot-starter-logging\3.4.1\spring-boot-starter-logging-3.4.1.jar;C:\Users\sonia\.m2\repository\ch\qos\logback\logback-classic\1.5.12\logback-classic-1.5.12.jar;C:\Users\sonia\.m2\repository\ch\qos\logback\logback-core\1.5.12\logback-core-1.5.12.jar;C:\Users\sonia\.m2\repository\org\apache\logging\log4j\log4j-to-slf4j\2.24.3\log4j-to-slf4j-2.24.3.jar;C:\Users\sonia\.m2\repository\org\apache\logging\log4j\log4j-api\2.24.3\log4j-api-2.24.3.jar;C:\Users\sonia\.m2\repository\org\slf4j\jul-to-slf4j\2.0.16\jul-to-slf4j-2.0.16.jar;C:\Users\sonia\.m2\repository\jakarta\annotation\jakarta.annotation-api\2.1.1\jakarta.annotation-api-2.1.1.jar;C:\Users\sonia\.m2\repository\org\yaml\snakeyaml\2.3\snakeyaml-2.3.jar;C:\Users\sonia\.m2\repository\org\springframework\boot\spring-boot-starter-jdbc\3.4.1\spring-boot-starter-jdbc-3.4.1.jar;C:\Users\sonia\.m2\repository\com\zaxxer\HikariCP\5.1.0\HikariCP-5.1.0.jar;C:\Users\sonia\.m2\repository\org\springframework\spring-jdbc\6.2.1\spring-jdbc-6.2.1.jar;C:\Users\sonia\.m2\repository\org\hibernate\orm\hibernate-core\6.6.4.Final\hibernate-core-6.6.4.Final.jar;C:\Users\sonia\.m2\repository\jakarta\persistence\jakarta.persistence-api\3.1.0\jakarta.persistence-api-3.1.0.jar;C:\Users\sonia\.m2\repository\jakarta\transaction\jakarta.transaction-api\2.0.1\jakarta.transaction-api-2.0.1.jar;C:\Users\sonia\.m2\repository\org\jboss\logging\jboss-logging\3.6.1.Final\jboss-logging-3.6.1.Final.jar;C:\Users\sonia\.m2\repository\org\hibernate\common\hibernate-commons-annotations\7.0.3.Final\hibernate-commons-annotations-7.0.3.Final.jar;C:\Users\sonia\.m2\repository\io\smallrye\jandex\3.2.0\jandex-3.2.0.jar;C:\Users\sonia\.m2\repository\com\fasterxml\classmate\1.7.0\classmate-1.7.0.jar;C:\Users\sonia\.m2\repository\net\bytebuddy\byte-buddy\1.15.11\byte-buddy-1.15.11.jar;C:\Users\sonia\.m2\repository\org\glassfish\jaxb\jaxb-runtime\4.0.5\jaxb-runtime-4.0.5.jar;C:\Users\sonia\.m2\repository\org\glassfish\jaxb\jaxb-core\4.0.5\jaxb-core-4.0.5.jar;C:\Users\sonia\.m2\repository\org\glassfish\jaxb\txw2\4.0.5\txw2-4.0.5.jar;C:\Users\sonia\.m2\repository\com\sun\istack\istack-commons-runtime\4.1.2\istack-commons-runtime-4.1.2.jar;C:\Users\sonia\.m2\repository\jakarta\inject\jakarta.inject-api\2.0.1\jakarta.inject-api-2.0.1.jar;C:\Users\sonia\.m2\repository\org\antlr\antlr4-runtime\4.13.0\antlr4-runtime-4.13.0.jar;C:\Users\sonia\.m2\repository\org\springframework\data\spring-data-jpa\3.4.1\spring-data-jpa-3.4.1.jar;C:\Users\sonia\.m2\repository\org\springframework\data\spring-data-commons\3.4.1\spring-data-commons-3.4.1.jar;C:\Users\sonia\.m2\repository\org\springframework\spring-orm\6.2.1\spring-orm-6.2.1.jar;C:\Users\sonia\.m2\repository\org\springframework\spring-context\6.2.1\spring-context-6.2.1.jar;C:\Users\sonia\.m2\repository\org\springframework\spring-tx\6.2.1\spring-tx-6.2.1.jar;C:\Users\sonia\.m2\repository\org\springframework\spring-beans\6.2.1\spring-beans-6.2.1.jar;C:\Users\sonia\.m2\repository\org\slf4j\slf4j-api\2.0.16\slf4j-api-2.0.16.jar;C:\Users\sonia\.m2\repository\org\springframework\spring-aspects\6.2.1\spring-aspects-6.2.1.jar;C:\Users\sonia\.m2\repository\org\aspectj\aspectjweaver\1.9.22.1\aspectjweaver-1.9.22.1.jar;C:\Users\sonia\.m2\repository\org\springframework\boot\spring-boot-starter-security\3.4.1\spring-boot-starter-security-3.4.1.jar;C:\Users\sonia\.m2\repository\org\springframework\spring-aop\6.2.1\spring-aop-6.2.1.jar;C:\Users\sonia\.m2\repository\org\springframework\security\spring-security-config\6.4.2\spring-security-config-6.4.2.jar;C:\Users\sonia\.m2\repository\org\springframework\security\spring-security-web\6.4.2\spring-security-web-6.4.2.jar;C:\Users\sonia\.m2\repository\org\springframework\spring-expression\6.2.1\spring-expression-6.2.1.jar;C:\Users\sonia\.m2\repository\org\springframework\boot\spring-boot-starter-web\3.4.1\spring-boot-starter-web-3.4.1.jar;C:\Users\sonia\.m2\repository\org\springframework\boot\spring-boot-starter-json\3.4.1\spring-boot-starter-json-3.4.1.jar;C:\Users\sonia\.m2\repository\com\fasterxml\jackson\datatype\jackson-datatype-jdk8\2.18.2\jackson-datatype-jdk8-2.18.2.jar;C:\Users\sonia\.m2\repository\com\fasterxml\jackson\datatype\jackson-datatype-jsr310\2.18.2\jackson-datatype-jsr310-2.18.2.jar;C:\Users\sonia\.m2\repository\com\fasterxml\jackson\module\jackson-module-parameter-names\2.18.2\jackson-module-parameter-names-2.18.2.jar;C:\Users\sonia\.m2\repository\org\springframework\boot\spring-boot-starter-tomcat\3.4.1\spring-boot-starter-tomcat-3.4.1.jar;C:\Users\sonia\.m2\repository\org\apache\tomcat\embed\tomcat-embed-core\10.1.34\tomcat-embed-core-10.1.34.jar;C:\Users\sonia\.m2\repository\org\apache\tomcat\embed\tomcat-embed-el\10.1.34\tomcat-embed-el-10.1.34.jar;C:\Users\sonia\.m2\repository\org\apache\tomcat\embed\tomcat-embed-websocket\10.1.34\tomcat-embed-websocket-10.1.34.jar;C:\Users\sonia\.m2\repository\org\springframework\spring-web\6.2.1\spring-web-6.2.1.jar;C:\Users\sonia\.m2\repository\io\micrometer\micrometer-observation\1.14.2\micrometer-observation-1.14.2.jar;C:\Users\sonia\.m2\repository\io\micrometer\micrometer-commons\1.14.2\micrometer-commons-1.14.2.jar;C:\Users\sonia\.m2\repository\org\springframework\spring-webmvc\6.2.1\spring-webmvc-6.2.1.jar;C:\Users\sonia\.m2\repository\org\springframework\boot\spring-boot-devtools\3.4.1\spring-boot-devtools-3.4.1.jar;C:\Users\sonia\.m2\repository\org\springframework\boot\spring-boot\3.4.1\spring-boot-3.4.1.jar;C:\Users\sonia\.m2\repository\org\springframework\boot\spring-boot-autoconfigure\3.4.1\spring-boot-autoconfigure-3.4.1.jar;C:\Users\sonia\.m2\repository\com\mysql\mysql-connector-j\9.1.0\mysql-connector-j-9.1.0.jar;C:\Users\sonia\.m2\repository\org\projectlombok\lombok\1.18.36\lombok-1.18.36.jar;C:\Users\sonia\.m2\repository\jakarta\xml\bind\jakarta.xml.bind-api\4.0.2\jakarta.xml.bind-api-4.0.2.jar;C:\Users\sonia\.m2\repository\jakarta\activation\jakarta.activation-api\2.1.3\jakarta.activation-api-2.1.3.jar;C:\Users\sonia\.m2\repository\org\springframework\spring-core\6.2.1\spring-core-6.2.1.jar;C:\Users\sonia\.m2\repository\org\springframework\spring-jcl\6.2.1\spring-jcl-6.2.1.jar;C:\Users\sonia\.m2\repository\org\springframework\security\spring-security-core\6.4.2\spring-security-core-6.4.2.jar;C:\Users\sonia\.m2\repository\org\springframework\security\spring-security-crypto\6.4.2\spring-security-crypto-6.4.2.jar;C:\Users\sonia\.m2\repository\io\jsonwebtoken\jjwt-jackson\0.12.6\jjwt-jackson-0.12.6.jar;C:\Users\sonia\.m2\repository\com\fasterxml\jackson\core\jackson-databind\2.18.2\jackson-databind-2.18.2.jar;C:\Users\sonia\.m2\repository\com\fasterxml\jackson\core\jackson-annotations\2.18.2\jackson-annotations-2.18.2.jar;C:\Users\sonia\.m2\repository\com\fasterxml\jackson\core\jackson-core\2.18.2\jackson-core-2.18.2.jar;C:\Users\sonia\.m2\repository\io\jsonwebtoken\jjwt-impl\0.12.6\jjwt-impl-0.12.6.jar;C:\Users\sonia\.m2\repository\io\jsonwebtoken\jjwt-api\0.12.6\jjwt-api-0.12.6.jar;C:\Users\sonia\.m2\repository\org\springframework\boot\spring-boot-starter-mail\3.4.1\spring-boot-starter-mail-3.4.1.jar;C:\Users\sonia\.m2\repository\org\springframework\spring-context-support\6.2.1\spring-context-support-6.2.1.jar;C:\Users\sonia\.m2\repository\org\eclipse\angus\jakarta.mail\2.0.3\jakarta.mail-2.0.3.jar;C:\Users\sonia\.m2\repository\org\eclipse\angus\angus-activation\2.0.2\angus-activation-2.0.2.jar;C:\Users\sonia\.m2\repository\com\razorpay\razorpay-java\1.4.6\razorpay-java-1.4.6.jar;C:\Users\sonia\.m2\repository\org\json\json\20180130\json-20180130.jar;C:\Users\sonia\.m2\repository\com\squareup\okhttp3\okhttp\3.10.0\okhttp-3.10.0.jar;C:\Users\sonia\.m2\repository\com\squareup\okio\okio\1.14.0\okio-1.14.0.jar;C:\Users\sonia\.m2\repository\com\squareup\okhttp3\logging-interceptor\3.10.0\logging-interceptor-3.10.0.jar;C:\Users\sonia\.m2\repository\commons-codec\commons-codec\1.17.1\commons-codec-1.17.1.jar;C:\Users\sonia\.m2\repository\org\apache\commons\commons-text\1.3\commons-text-1.3.jar;C:\Users\sonia\.m2\repository\org\apache\commons\commons-lang3\3.17.0\commons-lang3-3.17.0.jar;C:\Users\sonia\.m2\repository\com\stripe\stripe-java\20.62.0\stripe-java-20.62.0.jar;C:\Users\sonia\.m2\repository\com\google\code\gson\gson\2.11.0\gson-2.11.0.jar;C:\Users\sonia\.m2\repository\com\google\errorprone\error_prone_annotations\2.27.0\error_prone_annotations-2.27.0.jar
Launcher Type: SUN_STANDARD

[Global flags]
     intx CICompilerCount                          = 12                                        {product} {ergonomic}
     uint ConcGCThreads                            = 3                                         {product} {ergonomic}
     uint G1ConcRefinementThreads                  = 13                                        {product} {ergonomic}
   size_t G1HeapRegionSize                         = 2097152                                   {product} {ergonomic}
   size_t InitialHeapSize                          = 257949696                                 {product} {ergonomic}
   size_t MarkStackSize                            = 4194304                                   {product} {ergonomic}
   size_t MarkStackSizeMax                         = 536870912                                 {product} {ergonomic}
   size_t MaxHeapSize                              = 4114612224                                {product} {ergonomic}
   size_t MaxNewSize                               = 2468347904                                {product} {ergonomic}
   size_t MinHeapDeltaBytes                        = 2097152                                   {product} {ergonomic}
   size_t MinHeapSize                              = 8388608                                   {product} {ergonomic}
    uintx NonNMethodCodeHeapSize                   = 7602176                                {pd product} {ergonomic}
    uintx NonProfiledCodeHeapSize                  = 122093568                              {pd product} {ergonomic}
    uintx ProfiledCodeHeapSize                     = 121962496                              {pd product} {ergonomic}
    uintx ReservedCodeCacheSize                    = 251658240                              {pd product} {ergonomic}
     bool SegmentedCodeCache                       = true                                      {product} {ergonomic}
   size_t SoftMaxHeapSize                          = 4114612224                             {manageable} {ergonomic}
     bool UseCompressedOops                        = true                           {product lp64_product} {ergonomic}
     bool UseG1GC                                  = true                                      {product} {ergonomic}
     bool UseLargePagesIndividualAllocation        = false                                  {pd product} {ergonomic}

Logging:
Log output configuration:
 #0: stdout all=warning uptime,level,tags foldmultilines=false
 #1: stderr all=off uptime,level,tags foldmultilines=false

Environment Variables:
PATH=D:\Scripts\;D:\;C:\Program Files\Common Files\Oracle\Java\javapath;C:\WINDOWS\system32;C:\WINDOWS;C:\WINDOWS\System32\Wbem;C:\WINDOWS\System32\WindowsPowerShell\v1.0\;C:\WINDOWS\System32\OpenSSH\;D:\Python;D:\Python\Scripts;C:\Program Files\Git\cmd;C:\Program Files\Git\mingw64\bin;C:\Program Files\Git\usr\bin;C:\Users\sonia\AppData\Local\Android\Sdk\platform-tools;C:\dev\flutter\bin;C:\ProgramData\chocolatey\bin;C:\Program Files\MySQL\MySQL Server 8.0\bin;D:\JetBrains\IntelliJ IDEA Community Edition 2024.3\bin;C:\Program Files\Java\jdk-23\bin;%NVM_HOME%;%NVM_SYMLINK%;C:\Program Files\MySQL\MySQL Shell 8.0\bin\;C:\Users\sonia\AppData\Local\Microsoft\WindowsApps;C:\Users\sonia\AppData\Local\Programs\Microsoft VS Code\bin;C:\Users\sonia\AppData\Local\Android\Sdk\platform-tools;E:\JetBrains\IntelliJ IDEA Community Edition 2024.3\bin;;C:\Users\sonia\AppData\Roaming\npm;C:\Users\sonia\AppData\Local\nvm;C:\nvm4w\nodejs
USERNAME=sonia
OS=Windows_NT
PROCESSOR_IDENTIFIER=AMD64 Family 23 Model 104 Stepping 1, AuthenticAMD
TMP=C:\Users\sonia\AppData\Local\Temp
TEMP=C:\Users\sonia\AppData\Local\Temp




Periodic native trim disabled

---------------  S Y S T E M  ---------------

OS:
 Windows 11 , 64 bit Build 26100 (10.0.26100.3037)
OS uptime: 10 days 7:55 hours
Hyper-V role detected

CPU: total 16 (initial active 16) (16 cores per cpu, 2 threads per core) family 23 model 104 stepping 1 microcode 0x8608104, cx8, cmov, fxsr, ht, mmx, 3dnowpref, sse, sse2, sse3, ssse3, sse4a, sse4.1, sse4.2, popcnt, lzcnt, tsc, tscinvbit, avx, avx2, aes, clmul, bmi1, bmi2, adx, sha, fma, vzeroupper, clflush, clflushopt, hv, rdtscp, rdpid, f16c
Processor Information for the first 16 processors :
  Max Mhz: 1801, Current Mhz: 1801, Mhz Limit: 1801

Memory: 4k page, system-wide physical 15693M (4160M free)
TotalPageFile size 21069M (AvailPageFile size 4M)
current process WorkingSet (physical memory assigned to process): 309M, peak: 373M
current process commit charge ("private bytes"): 356M, peak: 421M

vm_info: Java HotSpot(TM) 64-Bit Server VM (23.0.1+11-39) for windows-amd64 JRE (23.0.1+11-39), built on 2024-09-30T07:20:43Z with MS VC++ 17.6 (VS2022)

END.
